<?xml version="1.0" encoding="UTF-8"?>
<!-- Generated by org.testng.reporters.JUnitXMLReporter -->
<testsuite hostname="Rakesh-Lap" name="Default test" tests="2" failures="0" timestamp="24 Jan 2021 15:37:22 GMT" time="3.073" errors="0">
  <testcase name="createBookingTest" time="2.023" classname="com.seleniumeasy.api.testscripts.CreateBooking"/>
  <testcase name="createBookingTestNegative" time="1.003" classname="com.seleniumeasy.api.testscripts.CreateBooking"/>
</testsuite> <!-- Default test -->
