<?xml version="1.0" encoding="UTF-8"?>
<!-- Generated by org.testng.reporters.JUnitXMLReporter -->
<testsuite hostname="Rakesh-Lap" name="CreateBooking" tests="2" failures="0" timestamp="25 Jan 2021 13:16:32 GMT" time="5.638" errors="0">
  <testcase name="createBookingTest" time="1.893" classname="com.seleniumeasy.api.testscripts.CreateBooking"/>
  <testcase name="createBookingTestNegative" time="3.71" classname="com.seleniumeasy.api.testscripts.CreateBooking"/>
</testsuite> <!-- CreateBooking -->
