<?xml version="1.0" encoding="UTF-8"?>
<!-- Generated by org.testng.reporters.JUnitXMLReporter -->
<testsuite hostname="Rakesh-Lap" name="CreateBooking" tests="2" failures="0" timestamp="24 Jan 2021 16:31:34 GMT" time="2.926" errors="0">
  <testcase name="createBookingTest" time="1.876" classname="com.seleniumeasy.api.testscripts.CreateBooking"/>
  <testcase name="createBookingTestNegative" time="1.014" classname="com.seleniumeasy.api.testscripts.CreateBooking"/>
</testsuite> <!-- CreateBooking -->
