<?xml version="1.0" encoding="UTF-8"?>
<!-- Generated by org.testng.reporters.JUnitXMLReporter -->
<testsuite hostname="Rakesh-Lap" name="DeleteBooking" tests="2" failures="0" timestamp="25 Jan 2021 12:23:34 GMT" time="6.473" errors="0">
  <testcase name="deleteBookingTest" time="1.698" classname="com.seleniumeasy.api.testscripts.DeleteBooking"/>
  <testcase name="deleteBookingTestNegative" time="4.767" classname="com.seleniumeasy.api.testscripts.DeleteBooking"/>
</testsuite> <!-- DeleteBooking -->
