<?xml version="1.0" encoding="UTF-8"?>
<!-- Generated by org.testng.reporters.JUnitXMLReporter -->
<testsuite hostname="Rakesh-Lap" name="DeleteBooking" tests="2" failures="0" timestamp="24 Jan 2021 16:31:41 GMT" time="2.089" errors="0">
  <testcase name="deleteBookingTest" time="1.046" classname="com.seleniumeasy.api.testscripts.DeleteBooking"/>
  <testcase name="deleteBookingTestNegative" time="1.032" classname="com.seleniumeasy.api.testscripts.DeleteBooking"/>
</testsuite> <!-- DeleteBooking -->
