<?xml version="1.0" encoding="UTF-8"?>
<!-- Generated by org.testng.reporters.JUnitXMLReporter -->
<testsuite hostname="Rakesh-Lap" name="UpdateBooking" tests="2" failures="0" timestamp="24 Jan 2021 16:31:39 GMT" time="3.024" errors="0">
  <testcase name="updateBookingTest" time="2.016" classname="com.seleniumeasy.api.testscripts.UpdateBooking"/>
  <testcase name="updateBookingTestNegative" time="0.991" classname="com.seleniumeasy.api.testscripts.UpdateBooking"/>
</testsuite> <!-- UpdateBooking -->
