<?xml version="1.0" encoding="UTF-8"?>
<!-- Generated by org.testng.reporters.JUnitXMLReporter -->
<testsuite hostname="Rakesh-Lap" name="UpdateBooking" tests="2" failures="0" timestamp="25 Jan 2021 13:16:54 GMT" time="2.135" errors="0">
  <testcase name="updateBookingTest" time="1.14" classname="com.seleniumeasy.api.testscripts.UpdateBooking"/>
  <testcase name="updateBookingTestNegative" time="0.979" classname="com.seleniumeasy.api.testscripts.UpdateBooking"/>
</testsuite> <!-- UpdateBooking -->
