<?xml version="1.0" encoding="UTF-8"?>
<testng-results skipped="0" failed="0" total="1" passed="1">
  <reporter-output>
  </reporter-output>
  <suite name="Default suite" duration-ms="50981" started-at="2021-01-25T12:06:18Z" finished-at="2021-01-25T12:07:09Z">
    <groups>
    </groups>
    <test name="Default test" duration-ms="50981" started-at="2021-01-25T12:06:18Z" finished-at="2021-01-25T12:07:09Z">
      <class name="com.seleniumeasy.ui.testscripts.JQueryDatePickerTest">
        <test-method status="PASS" signature="beforeSuite()[pri:0, instance:com.seleniumeasy.ui.testscripts.JQueryDatePickerTest@a67c67e]" name="beforeSuite" is-config="true" duration-ms="18" started-at="2021-01-25T17:36:18Z" finished-at="2021-01-25T17:36:18Z">
          <reporter-output>
          </reporter-output>
        </test-method> <!-- beforeSuite -->
        <test-method status="PASS" signature="beforeTest()[pri:0, instance:com.seleniumeasy.ui.testscripts.JQueryDatePickerTest@a67c67e]" name="beforeTest" is-config="true" duration-ms="0" started-at="2021-01-25T17:36:18Z" finished-at="2021-01-25T17:36:18Z">
          <reporter-output>
          </reporter-output>
        </test-method> <!-- beforeTest -->
        <test-method status="PASS" signature="beforeClass()[pri:0, instance:com.seleniumeasy.ui.testscripts.JQueryDatePickerTest@a67c67e]" name="beforeClass" is-config="true" duration-ms="0" started-at="2021-01-25T17:36:18Z" finished-at="2021-01-25T17:36:18Z">
          <reporter-output>
          </reporter-output>
        </test-method> <!-- beforeClass -->
        <test-method status="PASS" signature="oneTimeSetup()[pri:0, instance:com.seleniumeasy.ui.testscripts.JQueryDatePickerTest@a67c67e]" name="oneTimeSetup" is-config="true" duration-ms="0" started-at="2021-01-25T17:36:18Z" finished-at="2021-01-25T17:36:18Z">
          <reporter-output>
          </reporter-output>
        </test-method> <!-- oneTimeSetup -->
        <test-method status="PASS" signature="beforeMethod(java.lang.reflect.Method)[pri:0, instance:com.seleniumeasy.ui.testscripts.JQueryDatePickerTest@a67c67e]" name="beforeMethod" is-config="true" duration-ms="2" started-at="2021-01-25T17:36:18Z" finished-at="2021-01-25T17:36:18Z">
          <params>
            <param index="0">
              <value>
                <![CDATA[public void com.seleniumeasy.ui.testscripts.JQueryDatePickerTest.selectDates() throws java.lang.Exception]]>
              </value>
            </param>
          </params>
          <reporter-output>
          </reporter-output>
        </test-method> <!-- beforeMethod -->
        <test-method status="PASS" signature="selectDates()[pri:0, instance:com.seleniumeasy.ui.testscripts.JQueryDatePickerTest@a67c67e]" name="selectDates" duration-ms="50176" started-at="2021-01-25T17:36:18Z" finished-at="2021-01-25T17:37:08Z">
          <reporter-output>
          </reporter-output>
        </test-method> <!-- selectDates -->
        <test-method status="PASS" signature="setup()[pri:0, instance:com.seleniumeasy.ui.testscripts.JQueryDatePickerTest@a67c67e]" name="setup" is-config="true" duration-ms="0" started-at="2021-01-25T17:36:18Z" finished-at="2021-01-25T17:36:18Z">
          <reporter-output>
          </reporter-output>
        </test-method> <!-- setup -->
        <test-method status="PASS" signature="afterMethod(java.lang.reflect.Method)[pri:0, instance:com.seleniumeasy.ui.testscripts.JQueryDatePickerTest@a67c67e]" name="afterMethod" is-config="true" duration-ms="1" started-at="2021-01-25T17:37:08Z" finished-at="2021-01-25T17:37:08Z">
          <params>
            <param index="0">
              <value>
                <![CDATA[public void com.seleniumeasy.ui.testscripts.JQueryDatePickerTest.selectDates() throws java.lang.Exception]]>
              </value>
            </param>
          </params>
          <reporter-output>
          </reporter-output>
        </test-method> <!-- afterMethod -->
        <test-method status="PASS" signature="tearDown()[pri:0, instance:com.seleniumeasy.ui.testscripts.JQueryDatePickerTest@a67c67e]" name="tearDown" is-config="true" duration-ms="0" started-at="2021-01-25T17:37:08Z" finished-at="2021-01-25T17:37:08Z">
          <reporter-output>
          </reporter-output>
        </test-method> <!-- tearDown -->
        <test-method status="PASS" signature="afterClassScript()[pri:0, instance:com.seleniumeasy.ui.testscripts.JQueryDatePickerTest@a67c67e]" name="afterClassScript" is-config="true" duration-ms="785" started-at="2021-01-25T17:37:08Z" finished-at="2021-01-25T17:37:09Z">
          <reporter-output>
          </reporter-output>
        </test-method> <!-- afterClassScript -->
        <test-method status="PASS" signature="afterClass()[pri:0, instance:com.seleniumeasy.ui.testscripts.JQueryDatePickerTest@a67c67e]" name="afterClass" is-config="true" duration-ms="0" started-at="2021-01-25T17:37:09Z" finished-at="2021-01-25T17:37:09Z">
          <reporter-output>
          </reporter-output>
        </test-method> <!-- afterClass -->
        <test-method status="PASS" signature="afterTest()[pri:0, instance:com.seleniumeasy.ui.testscripts.JQueryDatePickerTest@a67c67e]" name="afterTest" is-config="true" duration-ms="0" started-at="2021-01-25T17:37:09Z" finished-at="2021-01-25T17:37:09Z">
          <reporter-output>
          </reporter-output>
        </test-method> <!-- afterTest -->
        <test-method status="PASS" signature="afterSuite()[pri:0, instance:com.seleniumeasy.ui.testscripts.JQueryDatePickerTest@a67c67e]" name="afterSuite" is-config="true" duration-ms="1" started-at="2021-01-25T17:37:09Z" finished-at="2021-01-25T17:37:09Z">
          <reporter-output>
          </reporter-output>
        </test-method> <!-- afterSuite -->
      </class> <!-- com.seleniumeasy.ui.testscripts.JQueryDatePickerTest -->
    </test> <!-- Default test -->
  </suite> <!-- Default suite -->
</testng-results>
